Build started 19/04/2015 11:22:24.
     1>Project "D:\GitHub\Nag-asw\src\game\client\swarm_sdk_client.vcxproj" on node 2 (build target(s)).
     1>InitializeBuildStatus:
         Creating ".\Release_swarm\Client (HL2Swarm).unsuccessfulbuild" because "AlwaysCreate" was specified.
       ClCompile:
         All outputs are up-to-date.
         D:\Program Files (x86)\Microsoft Visual Studio 10.0\VC\bin\CL.exe /c /I.\hl2 /I.\hl2\vgui /I..\..\game\shared\hl2 /I..\..\game\client\hl2\gameui /I..\..\game\shared\multiplayer /I..\statemachine /I.\ /I..\..\common /I..\..\public /I..\..\public\tier0 /I..\..\public\tier1 /I..\..\game\shared /I.\game_controls /I.\Release_swarm\ /Zi /nologo /W4 /WX- /O2 /Ob2 /Oi /Ot /Oy- /D WIN32 /D _WIN32 /D NDEBUG /D _WINDOWS /D _USRDLL /D _CRT_SECURE_NO_DEPRECATE /D _CRT_NONSTDC_NO_DEPRECATE /D DLLNAME=client /D VPCGAME=swarm /D VPCGAMECAPS=SWARM /D _DLL_EXT=.dll /D COMPILER_MSVC32 /D COMPILER_MSVC /D MEMOVERRIDE_MODULE=client /D NO_STRING_T /D CLIENT_DLL /D VECTOR /D VERSION_SAFE_STEAM_API_INTERFACES /D PROTECTED_THINGS_ENABLE /D strncpy=use_Q_strncpy_instead /D _snprintf=use_Q_snprintf_instead /D ENABLE_HTMLWINDOW /D fopen=dont_use_fopen /D HL2_CLIENT_DLL /D GAMEUI_EMBEDDED /D GAMEUI_EXPORTS /D HL2_EPISODIC /D _WINDLL /D _MBCS /GF /Gm- /MT /GS- /Gy /arch:SSE2 /fp:fast /Zc:wchar_t /Zc:forScope /GR /Yu"cbase.h" /Fp".\Release_swarm\client.pch" /Fo".\Release_swarm\\" /Fd".\Release_swarm\vc100.pdb" /Gd /TP /analyze- /errorReport:prompt detailobjectsystem.cpp /MP 
         detailobjectsystem.cpp
         All outputs are up-to-date.
         All outputs are up-to-date.
       Link:
         D:\Program Files (x86)\Microsoft Visual Studio 10.0\VC\bin\link.exe /ERRORREPORT:PROMPT /OUT:"..\..\bin\client.dll" /INCREMENTAL:NO /NOLOGO /LIBPATH:..\..\lib\common\. /LIBPATH:..\..\lib\public\. winmm.lib kernel32.lib user32.lib gdi32.lib winspool.lib comdlg32.lib advapi32.lib shell32.lib ole32.lib oleaut32.lib uuid.lib odbc32.lib odbccp32.lib /NODEFAULTLIB:libc /NODEFAULTLIB:libcd /NODEFAULTLIB:libcmtd /MANIFEST:NO /DEBUG /PDB:".\Release_swarm\client.pdb" /MAP:".\Release_swarm\client.map" /SUBSYSTEM:WINDOWS /OPT:REF /OPT:ICF /TLBID:1 /DYNAMICBASE:NO /MACHINE:X86 /DLL .\Release_swarm\achievement_notification_panel.obj
         .\Release_swarm\achievement_saverestore.obj
         .\Release_swarm\achievementmgr.obj
         .\Release_swarm\activitylist.obj
         .\Release_swarm\ai_criteria.obj
         .\Release_swarm\ai_responsesystem.obj
         .\Release_swarm\ai_speechconcept.obj
         .\Release_swarm\ammodef.obj
         .\Release_swarm\animatedentitytextureproxy.obj
         .\Release_swarm\animatedoffsettextureproxy.obj
         .\Release_swarm\animatedtextureproxy.obj
         .\Release_swarm\AnimateSpecificTextureProxy.obj
         .\Release_swarm\animation.obj
         .\Release_swarm\base_playeranimstate.obj
         .\Release_swarm\baseachievement.obj
         .\Release_swarm\baseanimatedtextureproxy.obj
         .\Release_swarm\baseclientrendertargets.obj
         .\Release_swarm\basecombatcharacter_shared.obj
         .\Release_swarm\basecombatweapon_shared.obj
         .\Release_swarm\baseentity_shared.obj
         .\Release_swarm\basegrenade_shared.obj
         .\Release_swarm\baseparticleentity.obj
         .\Release_swarm\baseplayer_shared.obj
         .\Release_swarm\baseviewmodel_shared.obj
         .\Release_swarm\beam_shared.obj
         .\Release_swarm\beamdraw.obj
         .\Release_swarm\blackbox_helper.obj
         .\Release_swarm\bone_accessor.obj
         .\Release_swarm\bone_merge_cache.obj
         .\Release_swarm\c_ai_basehumanoid.obj
         .\Release_swarm\c_ai_basenpc.obj
         .\Release_swarm\c_baseanimating.obj
         .\Release_swarm\c_baseanimatingoverlay.obj
         .\Release_swarm\c_basecombatcharacter.obj
         .\Release_swarm\c_basecombatweapon.obj
         .\Release_swarm\c_basedoor.obj
         .\Release_swarm\c_baseentity.obj
         .\Release_swarm\c_baseflex.obj
         .\Release_swarm\c_baselesson.obj
         .\Release_swarm\c_baseplayer.obj
         .\Release_swarm\c_basetoggle.obj
         .\Release_swarm\c_baseviewmodel.obj
         .\Release_swarm\c_beamspotlight.obj
         .\Release_swarm\c_breakableprop.obj
         .\Release_swarm\c_colorcorrection.obj
         .\Release_swarm\c_colorcorrectionvolume.obj
         .\Release_swarm\c_dynamiclight.obj
         .\Release_swarm\c_entitydissolve.obj
         .\Release_swarm\c_entityflame.obj
         .\Release_swarm\c_entityfreezing.obj
         .\Release_swarm\c_entityparticletrail.obj
         .\Release_swarm\c_env_ambient_light.obj
         .\Release_swarm\c_env_dof_controller.obj
         .\Release_swarm\c_env_fog_controller.obj
         .\Release_swarm\c_env_global_light.obj
         .\Release_swarm\c_env_particlescript.obj
         .\Release_swarm\c_env_projectedtexture.obj
         .\Release_swarm\c_env_screenoverlay.obj
         .\Release_swarm\c_env_tonemap_controller.obj
         .\Release_swarm\c_fire_smoke.obj
         .\Release_swarm\c_fish.obj
         .\Release_swarm\c_func_areaportalwindow.obj
         .\Release_swarm\c_func_breakablesurf.obj
         .\Release_swarm\c_func_brush.obj
         .\Release_swarm\c_func_conveyor.obj
         .\Release_swarm\c_func_dust.obj
         .\Release_swarm\c_func_lod.obj
         .\Release_swarm\C_Func_Monitor.obj
         .\Release_swarm\c_func_movelinear.obj
         .\Release_swarm\c_func_occluder.obj
         .\Release_swarm\c_func_reflective_glass.obj
         .\Release_swarm\c_func_rotating.obj
         .\Release_swarm\c_func_smokevolume.obj
         .\Release_swarm\c_func_tracktrain.obj
         .\Release_swarm\c_gameinstructor.obj
         .\Release_swarm\c_gib.obj
         .\Release_swarm\c_hairball.obj
         .\Release_swarm\c_info_overlay_accessor.obj
         .\Release_swarm\c_lightglow.obj
         .\Release_swarm\C_MaterialModifyControl.obj
         .\Release_swarm\c_movie_display.obj
         .\Release_swarm\c_particle_system.obj
         .\Release_swarm\c_physbox.obj
         .\Release_swarm\c_physics_prop_statue.obj
         .\Release_swarm\c_physicsprop.obj
         .\Release_swarm\c_physmagnet.obj
         .\Release_swarm\c_pixel_visibility.obj
         .\Release_swarm\c_plasma.obj
         .\Release_swarm\c_playerresource.obj
         .\Release_swarm\c_point_camera.obj
         .\Release_swarm\c_point_commentary_node.obj
         .\Release_swarm\c_postprocesscontroller.obj
         .\Release_swarm\c_prop_hallucination.obj
         .\Release_swarm\c_props.obj
         .\Release_swarm\c_ragdoll_manager.obj
         .\Release_swarm\c_rope.obj
         .\Release_swarm\c_rumble.obj
         .\Release_swarm\c_sceneentity.obj
         .\Release_swarm\c_shadowcontrol.obj
         .\Release_swarm\c_slideshow_display.obj
         .\Release_swarm\c_soundscape.obj
         .\Release_swarm\c_spatialentity.obj
         .\Release_swarm\c_spotlight_end.obj
         .\Release_swarm\c_sprite.obj
         .\Release_swarm\c_sprite_perfmonitor.obj
         .\Release_swarm\c_sun.obj
         .\Release_swarm\c_sunlightshadowcontrol.obj
         .\Release_swarm\c_surfacerender.obj
         .\Release_swarm\c_team.obj
         .\Release_swarm\c_tesla.obj
         .\Release_swarm\c_test_proxytoggle.obj
         .\Release_swarm\c_triggers.obj
         .\Release_swarm\c_user_message_register.obj
         .\Release_swarm\c_vehicle_choreo_generic.obj
         .\Release_swarm\c_vehicle_jeep.obj
         .\Release_swarm\c_vguiscreen.obj
         .\Release_swarm\c_thumper_dust.obj
         .\Release_swarm\c_waterbullet.obj
         .\Release_swarm\C_WaterLODControl.obj
         .\Release_swarm\c_world.obj
         .\Release_swarm\camomaterialproxy.obj
         .\Release_swarm\cdll_bounded_cvars.obj
         .\Release_swarm\cdll_client_int.obj
         .\Release_swarm\cdll_util.obj
         .\Release_swarm\cl_mat_stub.obj
         .\Release_swarm\classmap.obj
         .\Release_swarm\client_class.obj
         .\Release_swarm\client_factorylist.obj
         .\Release_swarm\client_thinklist.obj
         .\Release_swarm\clientalphaproperty.obj
         .\Release_swarm\cliententitylist.obj
         .\Release_swarm\clientleafsystem.obj
         .\Release_swarm\clientmode_shared.obj
         .\Release_swarm\clientshadowmgr.obj
         .\Release_swarm\clientsideeffects.obj
         .\Release_swarm\clientsideeffects_test.obj
         .\Release_swarm\closedcaptions.obj
         .\Release_swarm\collisionproperty.obj
         .\Release_swarm\collisionutils.obj
         .\Release_swarm\colorcorrectionmgr.obj
         .\Release_swarm\commentary_modelviewer.obj
         .\Release_swarm\compiledcaptionswap.obj
         .\Release_swarm\convarproxy.obj
         .\Release_swarm\crtmemdebug.obj
         .\Release_swarm\cycleproxy.obj
         .\Release_swarm\death_pose.obj
         .\Release_swarm\debug_dll_check.obj
         .\Release_swarm\debugoverlay_shared.obj
         .\Release_swarm\decals.obj
         .\Release_swarm\detailobjectsystem.obj
         .\Release_swarm\dt_recv.obj
         .\Release_swarm\dt_utlvector_common.obj
         .\Release_swarm\dt_utlvector_recv.obj
         .\Release_swarm\dummyproxy.obj
         .\Release_swarm\effect_dispatch_data.obj
         .\Release_swarm\EffectsClient.obj
         .\Release_swarm\ehandle.obj
         .\Release_swarm\entitylist_base.obj
         .\Release_swarm\entityoriginmaterialproxy.obj
         .\Release_swarm\EntityParticleTrail_Shared.obj
         .\Release_swarm\env_detail_controller.obj
         .\Release_swarm\env_wind_shared.obj
         .\Release_swarm\eventlist.obj
         .\Release_swarm\filesystem_helpers.obj
         .\Release_swarm\flashlighteffect.obj
         .\Release_swarm\foundryhelpers_client.obj
         .\Release_swarm\func_ladder.obj
         .\Release_swarm\functionproxy.obj
         .\Release_swarm\fx_blood.obj
         .\Release_swarm\fx_cube.obj
         .\Release_swarm\fx_explosion.obj
         .\Release_swarm\fx_fleck.obj
         .\Release_swarm\fx_impact.obj
         .\Release_swarm\fx_interpvalue.obj
         .\Release_swarm\fx_quad.obj
         .\Release_swarm\fx_shelleject.obj
         .\Release_swarm\fx_staticline.obj
         .\Release_swarm\fx_tracer.obj
         .\Release_swarm\fx_trail.obj
         .\Release_swarm\fx_water.obj
         .\Release_swarm\game_timescale_shared.obj
         .\Release_swarm\gamemovement.obj
         .\Release_swarm\gamerules.obj
         .\Release_swarm\gamerules_register.obj
         .\Release_swarm\GameStats.obj
         .\Release_swarm\gamestringpool.obj
         .\Release_swarm\gametrace_client.obj
         .\Release_swarm\gamevars_shared.obj
         .\Release_swarm\glow_outline_effect.obj
         .\Release_swarm\glow_overlay.obj
         .\Release_swarm\hintmessage.obj
         .\Release_swarm\hintsystem.obj
         .\Release_swarm\history_resource.obj
         .\Release_swarm\backgroundmenubutton.obj
         .\Release_swarm\basesavegamedialog.obj
         .\Release_swarm\bitmapimagepanel.obj
         .\Release_swarm\commandcheckbutton.obj
         .\Release_swarm\contentcontroldialog.obj
         .\Release_swarm\createmultiplayergamebotpage.obj
         .\Release_swarm\createmultiplayergamedialog.obj
         .\Release_swarm\createmultiplayergamegameplaypage.obj
         .\Release_swarm\createmultiplayergameserverpage.obj
         .\Release_swarm\customtabexplanationdialog.obj
         .\Release_swarm\cvarnegatecheckbutton.obj
         .\Release_swarm\cvarslider.obj
         .\Release_swarm\cvartextentry.obj
         .\Release_swarm\cvartogglecheckbutton.obj
         .\Release_swarm\gameconsole.obj
         .\Release_swarm\gameconsoledialog.obj
         .\Release_swarm\gameui_interface.obj
         .\Release_swarm\gameui_util.obj
         .\Release_swarm\basemodframe.obj
         .\Release_swarm\basemodpanel.obj
         .\Release_swarm\gamemodes.obj
         .\Release_swarm\uiavatarimage.obj
         .\Release_swarm\uigamedata.obj
         .\Release_swarm\uigamedata_storage.obj
         .\Release_swarm\vachievements.obj
         .\Release_swarm\vattractscreen.obj
         .\Release_swarm\vaudio.obj
         .\Release_swarm\vcontrolleroptions.obj
         .\Release_swarm\vcontrolleroptionsbuttons.obj
         .\Release_swarm\vcontrolleroptionssticks.obj
         .\Release_swarm\vdropdownmenu.obj
         .\Release_swarm\vflyoutmenu.obj
         .\Release_swarm\vfooterpanel.obj
         .\Release_swarm\vgameoptions.obj
         .\Release_swarm\vgameplaysettings.obj
         .\Release_swarm\vgenericconfirmation.obj
         .\Release_swarm\vgenericpanellist.obj
         .\Release_swarm\vgenericwaitscreen.obj
         .\Release_swarm\vhybridbutton.obj
         .\Release_swarm\vingamemainmenu.obj
         .\Release_swarm\vkeyboard.obj
         .\Release_swarm\vkeyboardmouse.obj
         .\Release_swarm\vloadgamedialog.obj
         .\Release_swarm\vloadingprogress.obj
         .\Release_swarm\vmainmenu.obj
         .\Release_swarm\vmenubackground.obj
         .\Release_swarm\voptions.obj
         .\Release_swarm\vsavegamedialog.obj
         .\Release_swarm\vsingleplayer.obj
         .\Release_swarm\vslidercontrol.obj
         .\Release_swarm\vspinnercontrol.obj
         .\Release_swarm\vtransitionscreen.obj
         .\Release_swarm\vvideo.obj
         .\Release_swarm\keytogglecheckbutton.obj
         .\Release_swarm\labeledcommandcombobox.obj
         .\Release_swarm\loadingdialog.obj
         .\Release_swarm\loadingtippanel.obj
         .\Release_swarm\logofile.obj
         .\Release_swarm\modinfo.obj
         .\Release_swarm\mousemessageforwardingpanel.obj
         .\Release_swarm\multiplayeradvanceddialog.obj
         .\Release_swarm\optionsdialog.obj
         .\Release_swarm\optionssubaudio.obj
         .\Release_swarm\optionssubdifficulty.obj
         .\Release_swarm\optionssubgame.obj
         .\Release_swarm\optionssubkeyboard.obj
         .\Release_swarm\optionssubmouse.obj
         .\Release_swarm\optionssubmultiplayer.obj
         .\Release_swarm\optionssubportal.obj
         .\Release_swarm\optionssubvideo.obj
         .\Release_swarm\optionssubvoice.obj
         .\Release_swarm\panellistpanel.obj
         .\Release_swarm\playerlistdialog.obj
         .\Release_swarm\rungameengine.obj
         .\Release_swarm\scriptobject.obj
         .\Release_swarm\sys_utils.obj
         .\Release_swarm\textentrybox.obj
         .\Release_swarm\urlbutton.obj
         .\Release_swarm\vcontrolslistpanel.obj
         .\Release_swarm\vguisystemmoduleloader.obj
         .\Release_swarm\nb_button.obj
         .\Release_swarm\nb_header_footer.obj
         .\Release_swarm\nb_horiz_list.obj
         .\Release_swarm\hltvcamera.obj
         .\Release_swarm\hud.obj
         .\Release_swarm\hud_basechat.obj
         .\Release_swarm\hud_basetimer.obj
         .\Release_swarm\hud_bitmapnumericdisplay.obj
         .\Release_swarm\hud_closecaption.obj
         .\Release_swarm\hud_element_helper.obj
         .\Release_swarm\hud_hitmarker.obj
         .\Release_swarm\hud_hull.obj
         .\Release_swarm\hud_lcd.obj
         .\Release_swarm\hud_locator_target.obj
         .\Release_swarm\hud_msg.obj
         .\Release_swarm\hud_numericdisplay.obj
         .\Release_swarm\hud_pdump.obj
         .\Release_swarm\hud_redraw.obj
         .\Release_swarm\igamesystem.obj
         .\Release_swarm\hud_scope.obj
         .\Release_swarm\in_camera.obj
         .\Release_swarm\in_joystick.obj
         .\Release_swarm\in_main.obj
         .\Release_swarm\in_mouse.obj
         .\Release_swarm\in_trackir.obj
         .\Release_swarm\initializer.obj
         .\Release_swarm\interpolatedvar.obj
         .\Release_swarm\interpolatortypes.obj
         .\Release_swarm\IsNPCProxy.obj
         .\Release_swarm\jigglebones.obj
         .\Release_swarm\lampbeamproxy.obj
         .\Release_swarm\lamphaloproxy.obj
         .\Release_swarm\mapentities_shared.obj
         .\Release_swarm\materialproxydict.obj
         .\Release_swarm\mathproxy.obj
         .\Release_swarm\matrixproxy.obj
         .\Release_swarm\memoverride.obj
         .\Release_swarm\menu.obj
         .\Release_swarm\message.obj
         .\Release_swarm\modelrendersystem.obj
         .\Release_swarm\movehelper_client.obj
         .\Release_swarm\movevars_shared.obj
         .\Release_swarm\mp_shareddefs.obj
         .\Release_swarm\multiplay_gamerules.obj
         .\Release_swarm\networkvar.obj
         .\Release_swarm\object_motion_blur_effect.obj
         .\Release_swarm\obstacle_pushaway.obj
         .\Release_swarm\panelmetaclassmgr.obj
         .\Release_swarm\particle_collision.obj
         .\Release_swarm\particle_litsmokeemitter.obj
         .\Release_swarm\particle_parse.obj
         .\Release_swarm\particle_property.obj
         .\Release_swarm\particle_proxies.obj
         .\Release_swarm\particle_simple3d.obj
         .\Release_swarm\particlemgr.obj
         .\Release_swarm\particles_attractor.obj
         .\Release_swarm\particles_ez.obj
         .\Release_swarm\particles_localspace.obj
         .\Release_swarm\particles_new.obj
         .\Release_swarm\particles_simple.obj
         .\Release_swarm\particlesystemquery.obj
         .\Release_swarm\perfvisualbenchmark.obj
         .\Release_swarm\phonemeconverter.obj
         .\Release_swarm\physics.obj
         .\Release_swarm\physics_main_client.obj
         .\Release_swarm\physics_main_shared.obj
         .\Release_swarm\physics_saverestore.obj
         .\Release_swarm\physics_shared.obj
         .\Release_swarm\physpropclientside.obj
         .\Release_swarm\playerandobjectenumerator.obj
         .\Release_swarm\point_bonusmaps_accessor.obj
         .\Release_swarm\point_posecontroller.obj
         .\Release_swarm\posedebugger.obj
         .\Release_swarm\precache_register.obj
         .\Release_swarm\predictableid.obj
         .\Release_swarm\prediction.obj
         .\Release_swarm\predictioncopy.obj
         .\Release_swarm\predictioncopy_helpers.obj
         .\Release_swarm\predictioncopy_test.obj
         .\Release_swarm\props_shared.obj
         .\Release_swarm\proxyentity.obj
         .\Release_swarm\ProxyHealth.obj
         .\Release_swarm\proxyplayer.obj
         .\Release_swarm\proxypupil.obj
         .\Release_swarm\ragdoll.obj
         .\Release_swarm\ragdoll_shared.obj
         .\Release_swarm\randoverride.obj
         .\Release_swarm\recvproxy.obj
         .\Release_swarm\rendertexture.obj
         .\Release_swarm\replaycamera.obj
         .\Release_swarm\rope_helpers.obj
         .\Release_swarm\rope_physics.obj
         .\Release_swarm\saverestore.obj
         .\Release_swarm\sceneentity_shared.obj
         .\Release_swarm\scratchpad3d.obj
         .\Release_swarm\ScratchPadUtils.obj
         .\Release_swarm\ScreenSpaceEffects.obj
         .\Release_swarm\sentence.obj
         .\Release_swarm\sequence_Transitioner.obj
         .\Release_swarm\sheetsimulator.obj
         .\Release_swarm\SEdit_ModelRender.obj
         .\Release_swarm\ShaderEditorSystem.obj
         .\Release_swarm\simple_keys.obj
         .\Release_swarm\simple_physics.obj
         .\Release_swarm\simtimer.obj
         .\Release_swarm\singleplay_gamerules.obj
         .\Release_swarm\SoundEmitterSystem.obj
         .\Release_swarm\soundenvelope.obj
         .\Release_swarm\SoundParametersInternal.obj
         .\Release_swarm\spatialentitymgr.obj
         .\Release_swarm\splinepatch.obj
         .\Release_swarm\Sprite.obj
         .\Release_swarm\spritemodel.obj
         .\Release_swarm\SpriteTrail.obj
         .\Release_swarm\steamworks_gamestats.obj
         .\Release_swarm\stringregistry.obj
         .\Release_swarm\studio.obj
         .\Release_swarm\studio_shared.obj
         .\Release_swarm\takedamageinfo.obj
         .\Release_swarm\teamplay_gamerules.obj
         .\Release_swarm\teamplayroundbased_gamerules.obj
         .\Release_swarm\test_ehandle.obj
         .\Release_swarm\text_message.obj
         .\Release_swarm\texturescrollmaterialproxy.obj
         .\Release_swarm\timematerialproxy.obj
         .\Release_swarm\toggletextureproxy.obj
         .\Release_swarm\usercmd.obj
         .\Release_swarm\usermessages.obj
         .\Release_swarm\util_shared.obj
         .\Release_swarm\vallocator.obj
         .\Release_swarm\vehicle_viewblend_shared.obj
         .\Release_swarm\vgui_avatarimage.obj
         .\Release_swarm\vgui_basepanel.obj
         .\Release_swarm\vgui_bindpanel.obj
         .\Release_swarm\vgui_bitmapbutton.obj
         .\Release_swarm\vgui_bitmapimage.obj
         .\Release_swarm\vgui_bitmappanel.obj
         .\Release_swarm\vgui_centerstringpanel.obj
         .\Release_swarm\vgui_consolepanel.obj
         .\Release_swarm\vgui_controls.obj
         .\Release_swarm\vgui_debugoverlaypanel.obj
         .\Release_swarm\vgui_fpspanel.obj
         .\Release_swarm\vgui_game_viewport.obj
         .\Release_swarm\vgui_grid.obj
         .\Release_swarm\vgui_hudvideo.obj
         .\Release_swarm\vgui_int.obj
         .\Release_swarm\vgui_loadingdiscpanel.obj
         .\Release_swarm\vgui_messagechars.obj
         .\Release_swarm\vgui_movie_display.obj
         .\Release_swarm\vgui_netgraphpanel.obj
         .\Release_swarm\vgui_slideshow_display_screen.obj
         .\Release_swarm\vgui_video.obj
         .\Release_swarm\view.obj
         .\Release_swarm\view_beams.obj
         .\Release_swarm\view_effects.obj
         .\Release_swarm\view_scene.obj
         .\Release_swarm\viewangleanim.obj
         .\Release_swarm\ViewConeImage.obj
         .\Release_swarm\viewdebug.obj
         .\Release_swarm\viewpostprocess.obj
         .\Release_swarm\viewrender.obj
         .\Release_swarm\voice_banmgr.obj
         .\Release_swarm\voice_menu.obj
         .\Release_swarm\voice_status.obj
         .\Release_swarm\vscript_client.obj
         .\Release_swarm\vscript_shared.obj
         .\Release_swarm\warp_overlay.obj
         .\Release_swarm\WaterLODMaterialProxy.obj
         .\Release_swarm\weapon_parse.obj
         .\Release_swarm\weapon_selection.obj
         .\Release_swarm\weapons_resource.obj
         .\Release_swarm\WorldDimsProxy.obj
         .\Release_swarm\stdafx.obj
         .\Release_swarm\c_basetempentity.obj
         .\Release_swarm\c_effects.obj
         .\Release_swarm\c_impact_effects.obj
         .\Release_swarm\c_movie_explosion.obj
         .\Release_swarm\c_particle_fire.obj
         .\Release_swarm\c_particle_smokegrenade.obj
         .\Release_swarm\c_prop_vehicle.obj
         .\Release_swarm\c_recipientfilter.obj
         .\Release_swarm\c_smoke_trail.obj
         .\Release_swarm\c_smokestack.obj
         .\Release_swarm\c_steamjet.obj
         .\Release_swarm\c_stickybolt.obj
         .\Release_swarm\c_te.obj
         .\Release_swarm\c_te_armorricochet.obj
         .\Release_swarm\c_te_basebeam.obj
         .\Release_swarm\c_te_beamentpoint.obj
         .\Release_swarm\c_te_beaments.obj
         .\Release_swarm\c_te_beamfollow.obj
         .\Release_swarm\c_te_beamlaser.obj
         .\Release_swarm\c_te_beampoints.obj
         .\Release_swarm\c_te_beamring.obj
         .\Release_swarm\c_te_beamringpoint.obj
         .\Release_swarm\c_te_beamspline.obj
         .\Release_swarm\c_te_bloodsprite.obj
         .\Release_swarm\c_te_bloodstream.obj
         .\Release_swarm\c_te_breakmodel.obj
         .\Release_swarm\c_te_bspdecal.obj
         .\Release_swarm\c_te_bubbles.obj
         .\Release_swarm\c_te_bubbletrail.obj
         .\Release_swarm\c_te_clientprojectile.obj
         .\Release_swarm\c_te_decal.obj
         .\Release_swarm\c_te_dynamiclight.obj
         .\Release_swarm\c_te_effect_dispatch.obj
         .\Release_swarm\c_te_energysplash.obj
         .\Release_swarm\c_te_explosion.obj
         .\Release_swarm\c_te_fizz.obj
         .\Release_swarm\c_te_footprint.obj
         .\Release_swarm\c_te_glassshatter.obj
         .\Release_swarm\c_te_glowsprite.obj
         .\Release_swarm\c_te_impact.obj
         .\Release_swarm\c_te_killplayerattachments.obj
         .\Release_swarm\c_te_largefunnel.obj
         .\Release_swarm\c_te_legacytempents.obj
         .\Release_swarm\c_te_muzzleflash.obj
         .\Release_swarm\c_te_particlesystem.obj
         .\Release_swarm\c_te_physicsprop.obj
         .\Release_swarm\c_te_playerdecal.obj
         .\Release_swarm\c_te_projecteddecal.obj
         .\Release_swarm\c_te_showline.obj
         .\Release_swarm\c_te_smoke.obj
         .\Release_swarm\c_te_sparks.obj
         .\Release_swarm\c_te_sprite.obj
         .\Release_swarm\c_te_spritespray.obj
         .\Release_swarm\c_te_worlddecal.obj
         .\Release_swarm\c_testtraceline.obj
         .\Release_swarm\c_tracer.obj
         .\Release_swarm\fx.obj
         .\Release_swarm\fx_discreetline.obj
         .\Release_swarm\fx_envelope.obj
         .\Release_swarm\fx_line.obj
         .\Release_swarm\fx_sparks.obj
         .\Release_swarm\particlesphererenderer.obj
         .\Release_swarm\smoke_fog_overlay.obj
         .\Release_swarm\basemodel_panel.obj
         .\Release_swarm\baseviewport.obj
         .\Release_swarm\ClientScoreBoardDialog.obj
         .\Release_swarm\commandmenu.obj
         .\Release_swarm\IconPanel.obj
         .\Release_swarm\intromenu.obj
         .\Release_swarm\MapOverview.obj
         .\Release_swarm\NavProgress.obj
         .\Release_swarm\SpectatorGUI.obj
         .\Release_swarm\teammenu.obj
         .\Release_swarm\vguitextwindow.obj
         .\Release_swarm\achievements_hl2.obj
         .\Release_swarm\achievements_hlx.obj
         .\Release_swarm\clientmode_hlnormal.obj
         .\Release_swarm\shieldproxy.obj
         .\Release_swarm\statgather.obj
         .\Release_swarm\c_npc_advisor.obj
         .\Release_swarm\c_npc_puppet.obj
         .\Release_swarm\c_prop_coreball.obj
         .\Release_swarm\c_prop_scalable.obj
         .\Release_swarm\c_vehicle_jeep_episodic.obj
         .\Release_swarm\c_vort_charge_token.obj
         .\Release_swarm\c_weapon_hopwire.obj
         .\Release_swarm\episodic_screenspaceeffects.obj
         .\Release_swarm\flesh_internal_material_proxy.obj
         .\Release_swarm\c_basehlplayer.obj
         .\Release_swarm\c_hl2_playerlocaldata.obj
         .\Release_swarm\c_info_teleporter_countdown.obj
         .\Release_swarm\death.obj
         .\Release_swarm\hl2_gamerules.obj
         .\Release_swarm\hl2_usermessages.obj
         .\Release_swarm\hl_gamemovement.obj
         .\Release_swarm\hl_in_main.obj
         .\Release_swarm\hl_prediction.obj
         .\Release_swarm\survival_gamerules.obj
         .\Release_swarm\geiger.obj
         .\Release_swarm\hud_ammo.obj
         .\Release_swarm\hud_animationinfo.obj
         .\Release_swarm\hud_battery.obj
         .\Release_swarm\hud_chat.obj
         .\Release_swarm\hud_credits.obj
         .\Release_swarm\hud_crosshair.obj
         .\Release_swarm\hud_damageindicator.obj
         .\Release_swarm\hud_flashlight.obj
         .\Release_swarm\hud_health.obj
         .\Release_swarm\hud_hintdisplay.obj
         .\Release_swarm\hud_locator.obj
         .\Release_swarm\hud_poisondamageindicator.obj
         .\Release_swarm\hud_posture.obj
         .\Release_swarm\hud_quickinfo.obj
         .\Release_swarm\hud_radar.obj
         .\Release_swarm\hud_squadstatus.obj
         .\Release_swarm\hud_suitpower.obj
         .\Release_swarm\hud_vehicle.obj
         .\Release_swarm\hud_vguiscreencursor.obj
         .\Release_swarm\hud_voicestatus.obj
         .\Release_swarm\hud_weapon.obj
         .\Release_swarm\hud_weaponselection.obj
         .\Release_swarm\hud_zoom.obj
         .\Release_swarm\train.obj
         .\Release_swarm\basehlcombatweapon_shared.obj
         .\Release_swarm\c_basehlcombatweapon.obj
         .\Release_swarm\c_weapon__stubs_hl2.obj
         .\Release_swarm\c_weapon_crossbow.obj
         .\Release_swarm\c_weapon_physcannon.obj
         .\Release_swarm\c_weapon_stunstick.obj
         .\Release_swarm\weapon_parse_default.obj
         .\Release_swarm\c_ar2_explosion.obj
         .\Release_swarm\c_corpse.obj
         .\Release_swarm\c_env_alyxtemp.obj
         .\Release_swarm\c_env_headcrabcanister.obj
         .\Release_swarm\c_env_starfield.obj
         .\Release_swarm\c_func_tankmortar.obj
         .\Release_swarm\c_prop_combine_ball.obj
         .\Release_swarm\env_headcrabcanister_shared.obj
         .\Release_swarm\c_antlion_dust.obj
         .\Release_swarm\c_citadel_effects.obj
         .\Release_swarm\c_plasma_beam_node.obj
         .\Release_swarm\c_rotorwash.obj
         .\Release_swarm\c_script_intro.obj
         .\Release_swarm\c_te_concussiveexplosion.obj
         .\Release_swarm\c_te_flare.obj
         .\Release_swarm\ClientEffectPrecacheSystem.obj
         .\Release_swarm\fx_antlion.obj
         .\Release_swarm\fx_bugbait.obj
         .\Release_swarm\fx_hl2_impacts.obj
         .\Release_swarm\fx_hl2_tracers.obj
         .\Release_swarm\script_intro_shared.obj
         .\Release_swarm\c_barnacle.obj
         .\Release_swarm\c_barney.obj
         .\Release_swarm\c_basehelicopter.obj
         .\Release_swarm\c_npc_antlionguard.obj
         .\Release_swarm\c_npc_combinegunship.obj
         .\Release_swarm\c_npc_manhack.obj
         .\Release_swarm\c_npc_rollermine.obj
         .\Release_swarm\c_strider.obj
         .\Release_swarm\c_vehicle_airboat.obj
         .\Release_swarm\c_vehicle_cannon.obj
         .\Release_swarm\c_vehicle_crane.obj
         .\Release_swarm\c_vehicle_prisoner_pod.obj
         .\Release_swarm\vgui_rootpanel_hl2.obj
         .\Release_swarm\language.obj
         .\Release_swarm\mp3player.obj
         .\Release_swarm\bonelist.obj
         .\Release_swarm\entity_client_tools.obj
         .\Release_swarm\toolframework_client.obj
         ..\..\lib\public\bitmap.lib
         ..\..\lib\public\bonesetup.lib
         ..\..\lib\public\choreoobjects.lib
         ..\..\lib\public\dmxloader.lib
         ..\..\lib\public\interfaces.lib
         ..\..\lib\common\jpeglib.lib
         ..\..\lib\public\mathlib.lib
         ..\..\lib\public\matsys_controls.lib
         ..\..\lib\public\npsclient.lib
         ..\..\lib\public\particles.lib
         ..\..\lib\public\raytrace.lib
         ..\..\lib\public\responserules_runtime.lib
         ..\..\lib\public\steam_api.lib
         ..\..\lib\public\tier0.lib
         ..\..\lib\public\tier1.lib
         ..\..\lib\public\tier2.lib
         ..\..\lib\public\tier3.lib
         ..\..\lib\public\vgui_controls.lib
         ..\..\lib\public\videocfg.lib
         ..\..\lib\public\vpklib.lib
         ..\..\lib\public\vstdlib.lib
         ..\..\lib\public\vtf.lib
