Build started 19/04/2015 17:54:20.
     1>Project "D:\GitHub\Nag-asw\src\game\server\swarm_sdk_server.vcxproj" on node 2 (build target(s)).
     1>InitializeBuildStatus:
         Creating ".\Release_swarm\Server (HL2Swarm).unsuccessfulbuild" because "AlwaysCreate" was specified.
       ClCompile:
         All outputs are up-to-date.
         All outputs are up-to-date.
         All outputs are up-to-date.
       Link:
         All outputs are up-to-date.
         swarm_sdk_server.vcxproj -> D:\GitHub\Nag-asw\src\game\server\..\..\bin\server.dll
       PostBuildEvent:
         Description: Publishing Server to D:\Program Files\Steam\SteamApps\sourcemods\aswhl2port\bin\
         if exist "D:\Program Files\Steam\SteamApps\sourcemods\aswhl2port\bin\." goto ValveStart
         mkdir "D:\Program Files\Steam\SteamApps\sourcemods\aswhl2port\bin\."
         :ValveStart
         copy "D:\GitHub\Nag-asw\src\bin\"server.dll "D:\Program Files\Steam\SteamApps\sourcemods\aswhl2port\bin\.\server.dll"
         if ERRORLEVEL 1 goto BuildEventFailed
         if exist "D:\GitHub\Nag-asw\src\bin\"server.map copy "D:\GitHub\Nag-asw\src\bin\"server.map "D:\Program Files\Steam\SteamApps\sourcemods\aswhl2port\bin\.\server.map"
         copy ".\Release_swarm\"server.pdb "D:\Program Files\Steam\SteamApps\sourcemods\aswhl2port\bin\.\server.pdb"
         if ERRORLEVEL 1 goto BuildEventFailed
         goto BuildEventOK
         :BuildEventFailed
         echo *** ERROR! PostBuildStep FAILED for Server (HL2Swarm)! EXE or DLL is probably running. ***
         del /q "D:\GitHub\Nag-asw\src\bin\"server.dll
         exit 1
         :BuildEventOK
         
         :VCEnd
                 1 fichier(s) copié(s).
                 1 fichier(s) copié(s).
       FinalizeBuildStatus:
         Deleting file ".\Release_swarm\Server (HL2Swarm).unsuccessfulbuild".
         Touching ".\Release_swarm\Server (HL2Swarm).lastbuildstate".
     1>Done Building Project "D:\GitHub\Nag-asw\src\game\server\swarm_sdk_server.vcxproj" (build target(s)).

Build succeeded.

Time Elapsed 00:00:00.42
